[window, document].map(function (item) { return item.screenY;});
[31, undefined]
[3,4,5,8,10].filter(function (item) { return item%2; });
[3, 5]
[3,4,5,8,10].filter(function (item) { return item%2 === 1; });
[3, 5]
[3,4,5,8,10].reduce(function (prev, next) { return prev + next; });
30
[3,4,5,8,10].reduce(function (prev, next) { return prev - next; });
-24
[3,4,5,8,10].reduce(function (prev, next) { return prev - next; }, '');
-30
[3,4,5,8,10].reduce(function (prev, next) { return prev + next; }, '');
"345810"
[3,4,5,8,10].reduce(function () {});
undefined
var f = function (prev, next) { return prev + next; };
undefined
f
(prev, next) { return prev + next; }
[3,4,5,8,10].reduce(f);
30
function g(next, prev) { return prev + next;}
undefined
[3,4,5,8,10].reduce(g);
30
function g(next, prev) { return prev - next;}
undefined
var f = function (prev, next) { return prev - next; };
undefined
[3,4,5,8,10].reduce(f);
-24
[3,4,5,8,10].reduce(g);
6
[3,4,5,8,10].reduce(function() { return arguments[0] + arguments[1]});
30
[1, 2, 3].forEach(function (item) { return item; });
undefined
[1, 2, 3].forEach(function (item) { console.log(item); });
1
2
3
undefined
[1, 2, 3].forEach(function (item) { console.log(item); });
1
2
3
undefined
function range() {...}
Uncaught SyntaxError: Unexpected token ...(…)
range()
Uncaught ReferenceError: range is not defined(…)
[0,1,2,.....,100]
Uncaught SyntaxError: Unexpected token .(…)
function range() { var result = []; for (var i = 0; i <= 100; i++) { result.push(i); } return result;}
undefined
range()
Array[101][0 … 99]100: 100length: 101__proto__: Array[0]
debugd
Uncaught ReferenceError: debugd is not defined(…)
debugd
Uncaught ReferenceError: debugd is not defined(…)
function range() { var result = []; for (var i = 0; i <= 1000; i++) { result.push(i); } return result;}
undefined
range()
Array[1001][0 … 99][100 … 199][200 … 299][300 … 399]300: 300301: 301302: 302303: 303304: 304305: 305306: 306307: 307308: 308309: 309310: 310311: 311312: 312313: 313314: 314315: 315316: 316317: 317318: 318319: 319320: 320321: 321322: 322323: 323324: 324325: 325326: 326327: 327328: 328329: 329330: 330331: 331332: 332333: 333334: 334335: 335336: 336337: 337338: 338339: 339340: 340341: 341342: 342343: 343344: 344345: 345346: 346347: 347348: 348349: 349350: 350351: 351352: 352353: 353354: 354355: 355356: 356357: 357358: 358359: 359360: 360361: 361362: 362363: 363364: 364365: 365366: 366367: 367368: 368369: 369370: 370371: 371372: 372373: 373374: 374375: 375376: 376377: 377378: 378379: 379380: 380381: 381382: 382383: 383384: 384385: 385386: 386387: 387388: 388389: 389390: 390391: 391392: 392393: 393394: 394395: 395396: 396397: 397398: 398399: 399[400 … 499][500 … 599][600 … 699][700 … 799][800 … 899][900 … 999]1000: 1000length: 1001__proto__: Array[0]
range()
Array[1001]
function range(n) { var result = []; for (var i = 0; i <= n; i++) { result.push(i); } return result;}
undefined
range(100)
Array[101]
function range(n) { var result = []; for (var i = 0; i < n; i++) { result.push(i); } return result;}
undefined
range(100)
[0, 1, 2, 3, 4, 5, 6, 7, 8, 9, 10, 11, 12, 13, 14, 15, 16, 17, 18, 19, 20, 21, 22, 23, 24, 25, 26, 27, 28, 29, 30, 31, 32, 33, 34, 35, 36, 37, 38, 39, 40, 41, 42, 43, 44, 45, 46, 47, 48, 49, 50, 51, 52, 53, 54, 55, 56, 57, 58, 59, 60, 61, 62, 63, 64, 65, 66, 67, 68, 69, 70, 71, 72, 73, 74, 75, 76, 77, 78, 79, 80, 81, 82, 83, 84, 85, 86, 87, 88, 89, 90, 91, 92, 93, 94, 95, 96, 97, 98, 99]
range(100).filter(function (item) { return i % 2 === 0; });
Uncaught ReferenceError: i is not defined(…)
range(100).filter(function (item) { return item % 2 === 0; });
[0, 2, 4, 6, 8, 10, 12, 14, 16, 18, 20, 22, 24, 26, 28, 30, 32, 34, 36, 38, 40, 42, 44, 46, 48, 50, 52, 54, 56, 58, 60, 62, 64, 66, 68, 70, 72, 74, 76, 78, 80, 82, 84, 86, 88, 90, 92, 94, 96, 98]
range(100).filter(function (item) { return item % 2 === 1; });
[1, 3, 5, 7, 9, 11, 13, 15, 17, 19, 21, 23, 25, 27, 29, 31, 33, 35, 37, 39, 41, 43, 45, 47, 49, 51, 53, 55, 57, 59, 61, 63, 65, 67, 69, 71, 73, 75, 77, 79, 81, 83, 85, 87, 89, 91, 93, 95, 97, 99]
range(100).filter(function (item) { debugger; return item % 2 === 1; });
[1, 3, 5, 7, 9, 11, 13, 15, 17, 19, 21, 23, 25, 27, 29, 31, 33, 35, 37, 39, 41, 43, 45, 47, 49, 51, 53, 55, 57, 59, 61, 63, 65, 67, 69, 71, 73, 75, 77, 79, 81, 83, 85, 87, 89, 91, 93, 95, 97, 99]
range(100).filter(function (item) { return item % 2 === 0; });
[0, 2, 4, 6, 8, 10, 12, 14, 16, 18, 20, 22, 24, 26, 28, 30, 32, 34, 36, 38, 40, 42, 44, 46, 48, 50, 52, 54, 56, 58, 60, 62, 64, 66, 68, 70, 72, 74, 76, 78, 80, 82, 84, 86, 88, 90, 92, 94, 96, 98]
var c = range(10000);
undefined
c
Array[10000]
c.filter(function (item) { return item % 2 === 0; })
Array[5000]
var evenNumbers = c.filter(function (item) {return item % 2 === 0;})
undefined
evenNumbers
Array[5000]
var isEven = function (item) { return item % 2 === 0; }
undefined
range(100).filter(isEven);
[0, 2, 4, 6, 8, 10, 12, 14, 16, 18, 20, 22, 24, 26, 28, 30, 32, 34, 36, 38, 40, 42, 44, 46, 48, 50, 52, 54, 56, 58, 60, 62, 64, 66, 68, 70, 72, 74, 76, 78, 80, 82, 84, 86, 88, 90, 92, 94, 96, 98]
 var isOdd = function (n) { return !isEven(n);}
undefined
range(100).filter(isOdd);
[1, 3, 5, 7, 9, 11, 13, 15, 17, 19, 21, 23, 25, 27, 29, 31, 33, 35, 37, 39, 41, 43, 45, 47, 49, 51, 53, 55, 57, 59, 61, 63, 65, 67, 69, 71, 73, 75, 77, 79, 81, 83, 85, 87, 89, 91, 93, 95, 97, 99]
